This file contains any messages produced by compilers while
running configure, to aid debugging if configure makes a mistake.

It was created by configure, which was
generated by GNU Autoconf 2.63.  Invocation command line was

  $ /home/randywang/pathplanning/distributedplanning/iris-distro-master/build/cdd-src/configure --prefix=/home/randywang/pathplanning/distributedplanning/iris-distro-master/build/install

## --------- ##
## Platform. ##
## --------- ##

hostname = randywang
uname -m = x86_64
uname -r = 5.15.0-88-generic
uname -s = Linux
uname -v = #98~20.04.1-Ubuntu SMP Mon Oct 9 16:43:45 UTC 2023

/usr/bin/uname -p = x86_64
/bin/uname -X     = unknown

/bin/arch              = x86_64
/usr/bin/arch -k       = unknown
/usr/convex/getsysinfo = unknown
/usr/bin/hostinfo      = unknown
/bin/machine           = unknown
/usr/bin/oslevel       = unknown
/bin/universe          = unknown

PATH: /opt/ros/noetic/bin
PATH: /usr/local/sbin
PATH: /usr/local/bin
PATH: /usr/sbin
PATH: /usr/bin
PATH: /sbin
PATH: /bin
PATH: /usr/games
PATH: /usr/local/games
PATH: /snap/bin
PATH: /home/randywang/mosek/8/tools/platform/linux64x86/bin
PATH: /home/randywang/mosek/mosek.lic


## ----------- ##
## Core tests. ##
## ----------- ##

configure:2042: checking for a BSD-compatible install
configure:2110: result: /usr/bin/install -c
configure:2121: checking whether build environment is sane
configure:2164: result: yes
configure:2189: checking for a thread-safe mkdir -p
configure:2228: result: /usr/bin/mkdir -p
configure:2241: checking for gawk
configure:2271: result: no
configure:2241: checking for mawk
configure:2257: found /usr/bin/mawk
configure:2268: result: mawk
configure:2279: checking whether make sets $(MAKE)
configure:2301: result: yes
configure:2534: checking for gcc
configure:2561: result: /usr/bin/cc
configure:2793: checking for C compiler version
configure:2801: /usr/bin/cc --version >&5
cc (Ubuntu 9.4.0-1ubuntu1~20.04.2) 9.4.0
Copyright (C) 2019 Free Software Foundation, Inc.
This is free software; see the source for copying conditions.  There is NO
warranty; not even for MERCHANTABILITY or FITNESS FOR A PARTICULAR PURPOSE.

configure:2805: $? = 0
configure:2812: /usr/bin/cc -v >&5
Using built-in specs.
COLLECT_GCC=/usr/bin/cc
COLLECT_LTO_WRAPPER=/usr/lib/gcc/x86_64-linux-gnu/9/lto-wrapper
OFFLOAD_TARGET_NAMES=nvptx-none:hsa
OFFLOAD_TARGET_DEFAULT=1
Target: x86_64-linux-gnu
Configured with: ../src/configure -v --with-pkgversion='Ubuntu 9.4.0-1ubuntu1~20.04.2' --with-bugurl=file:///usr/share/doc/gcc-9/README.Bugs --enable-languages=c,ada,c++,go,brig,d,fortran,objc,obj-c++,gm2 --prefix=/usr --with-gcc-major-version-only --program-suffix=-9 --program-prefix=x86_64-linux-gnu- --enable-shared --enable-linker-build-id --libexecdir=/usr/lib --without-included-gettext --enable-threads=posix --libdir=/usr/lib --enable-nls --enable-clocale=gnu --enable-libstdcxx-debug --enable-libstdcxx-time=yes --with-default-libstdcxx-abi=new --enable-gnu-unique-object --disable-vtable-verify --enable-plugin --enable-default-pie --with-system-zlib --with-target-system-zlib=auto --enable-objc-gc=auto --enable-multiarch --disable-werror --with-arch-32=i686 --with-abi=m64 --with-multilib-list=m32,m64,mx32 --enable-multilib --with-tune=generic --enable-offload-targets=nvptx-none=/build/gcc-9-9QDOt0/gcc-9-9.4.0/debian/tmp-nvptx/usr,hsa --without-cuda-driver --enable-checking=release --build=x86_64-linux-gnu --host=x86_64-linux-gnu --target=x86_64-linux-gnu
Thread model: posix
gcc version 9.4.0 (Ubuntu 9.4.0-1ubuntu1~20.04.2) 
configure:2816: $? = 0
configure:2823: /usr/bin/cc -V >&5
cc: error: unrecognized command line option '-V'
cc: fatal error: no input files
compilation terminated.
configure:2827: $? = 1
configure:2850: checking for C compiler default output file name
configure:2872: /usr/bin/cc    conftest.c  >&5
configure:2876: $? = 0
configure:2914: result: a.out
configure:2933: checking whether the C compiler works
configure:2943: ./a.out
configure:2947: $? = 0
configure:2966: result: yes
configure:2973: checking whether we are cross compiling
configure:2975: result: no
configure:2978: checking for suffix of executables
configure:2985: /usr/bin/cc -o conftest    conftest.c  >&5
configure:2989: $? = 0
configure:3015: result: 
configure:3021: checking for suffix of object files
configure:3047: /usr/bin/cc -c   conftest.c >&5
configure:3051: $? = 0
configure:3076: result: o
configure:3080: checking whether we are using the GNU C compiler
configure:3109: /usr/bin/cc -c   conftest.c >&5
configure:3116: $? = 0
configure:3133: result: yes
configure:3142: checking whether /usr/bin/cc accepts -g
configure:3172: /usr/bin/cc -c -g  conftest.c >&5
configure:3179: $? = 0
configure:3280: result: yes
configure:3297: checking for /usr/bin/cc option to accept ISO C89
configure:3371: /usr/bin/cc  -c   conftest.c >&5
configure:3378: $? = 0
configure:3401: result: none needed
configure:3430: checking for style of include used by make
configure:3458: result: GNU
configure:3483: checking dependency style of /usr/bin/cc
configure:3574: result: gcc3
configure:3603: checking for a BSD-compatible install
configure:3671: result: /usr/bin/install -c
configure:3713: checking build system type
configure:3731: result: x86_64-unknown-linux-gnu
configure:3753: checking host system type
configure:3768: result: x86_64-unknown-linux-gnu
configure:3790: checking for a sed that does not truncate output
configure:3856: result: /usr/bin/sed
configure:3874: checking for grep that handles long lines and -e
configure:3934: result: /usr/bin/grep
configure:3939: checking for egrep
configure:4003: result: /usr/bin/grep -E
configure:4008: checking for fgrep
configure:4072: result: /usr/bin/grep -F
configure:4107: checking for ld used by /usr/bin/cc
configure:4174: result: /usr/bin/ld
configure:4183: checking if the linker (/usr/bin/ld) is GNU ld
configure:4198: result: yes
configure:4210: checking for BSD- or MS-compatible name lister (nm)
configure:4259: result: /usr/bin/nm -B
configure:4377: checking the name lister (/usr/bin/nm -B) interface
configure:4394: /usr/bin/cc -c   conftest.c >&5
configure:4397: /usr/bin/nm -B "conftest.o"
configure:4400: output
0000000000000000 B some_variable
configure:4391: result: BSD nm
configure:4394: checking whether ln -s works
configure:4398: result: yes
configure:4406: checking the maximum length of command line arguments
configure:4526: result: 1572864
configure:4543: checking whether the shell understands some XSI constructs
configure:4552: result: yes
configure:4556: checking whether the shell understands "+="
configure:4560: result: yes
configure:4595: checking for /usr/bin/ld option to reload object files
configure:4602: result: -r
configure:4671: checking for objdump
configure:4687: found /usr/bin/objdump
configure:4698: result: objdump
configure:4730: checking how to recognize dependent libraries
configure:4926: result: pass_all
configure:4986: checking for ar
configure:5002: found /usr/bin/ar
configure:5013: result: ar
configure:5091: checking for strip
configure:5107: found /usr/bin/strip
configure:5118: result: strip
configure:5190: checking for ranlib
configure:5206: found /usr/bin/ranlib
configure:5217: result: ranlib
configure:5307: checking command to parse /usr/bin/nm -B output from /usr/bin/cc object
configure:5425: /usr/bin/cc -c   conftest.c >&5
configure:5428: $? = 0
configure:5432: /usr/bin/nm -B conftest.o \| sed -n -e 's/^.*[	 ]\([ABCDGIRSTW][ABCDGIRSTW]*\)[	 ][	 ]*\([_A-Za-z][_A-Za-z0-9]*\)$/\1 \2 \2/p' \> conftest.nm
configure:5435: $? = 0
configure:5489: /usr/bin/cc -o conftest    conftest.c conftstm.o >&5
configure:5492: $? = 0
configure:5530: result: ok
configure:5626: /usr/bin/cc -c   conftest.c >&5
configure:5629: $? = 0
configure:6397: checking how to run the C preprocessor
configure:6437: /usr/bin/cc -E  conftest.c
configure:6444: $? = 0
configure:6475: /usr/bin/cc -E  conftest.c
conftest.c:10:10: fatal error: ac_nonexistent.h: No such file or directory
   10 | #include <ac_nonexistent.h>
      |          ^~~~~~~~~~~~~~~~~~
compilation terminated.
configure:6482: $? = 1
configure: failed program was:
| /* confdefs.h.  */
| #define PACKAGE_NAME ""
| #define PACKAGE_TARNAME ""
| #define PACKAGE_VERSION ""
| #define PACKAGE_STRING ""
| #define PACKAGE_BUGREPORT ""
| #define PACKAGE "cddlib"
| #define VERSION "0.94"
| /* end confdefs.h.  */
| #include <ac_nonexistent.h>
configure:6515: result: /usr/bin/cc -E
configure:6544: /usr/bin/cc -E  conftest.c
configure:6551: $? = 0
configure:6582: /usr/bin/cc -E  conftest.c
conftest.c:10:10: fatal error: ac_nonexistent.h: No such file or directory
   10 | #include <ac_nonexistent.h>
      |          ^~~~~~~~~~~~~~~~~~
compilation terminated.
configure:6589: $? = 1
configure: failed program was:
| /* confdefs.h.  */
| #define PACKAGE_NAME ""
| #define PACKAGE_TARNAME ""
| #define PACKAGE_VERSION ""
| #define PACKAGE_STRING ""
| #define PACKAGE_BUGREPORT ""
| #define PACKAGE "cddlib"
| #define VERSION "0.94"
| /* end confdefs.h.  */
| #include <ac_nonexistent.h>
configure:6629: checking for ANSI C header files
configure:6659: /usr/bin/cc -c   conftest.c >&5
configure:6666: $? = 0
configure:6765: /usr/bin/cc -o conftest    conftest.c  >&5
configure:6769: $? = 0
configure:6775: ./conftest
configure:6779: $? = 0
configure:6797: result: yes
configure:6821: checking for sys/types.h
configure:6842: /usr/bin/cc -c   conftest.c >&5
configure:6849: $? = 0
configure:6866: result: yes
configure:6821: checking for sys/stat.h
configure:6842: /usr/bin/cc -c   conftest.c >&5
configure:6849: $? = 0
configure:6866: result: yes
configure:6821: checking for stdlib.h
configure:6842: /usr/bin/cc -c   conftest.c >&5
configure:6849: $? = 0
configure:6866: result: yes
configure:6821: checking for string.h
configure:6842: /usr/bin/cc -c   conftest.c >&5
configure:6849: $? = 0
configure:6866: result: yes
configure:6821: checking for memory.h
configure:6842: /usr/bin/cc -c   conftest.c >&5
configure:6849: $? = 0
configure:6866: result: yes
configure:6821: checking for strings.h
configure:6842: /usr/bin/cc -c   conftest.c >&5
configure:6849: $? = 0
configure:6866: result: yes
configure:6821: checking for inttypes.h
configure:6842: /usr/bin/cc -c   conftest.c >&5
configure:6849: $? = 0
configure:6866: result: yes
configure:6821: checking for stdint.h
configure:6842: /usr/bin/cc -c   conftest.c >&5
configure:6849: $? = 0
configure:6866: result: yes
configure:6821: checking for unistd.h
configure:6842: /usr/bin/cc -c   conftest.c >&5
configure:6849: $? = 0
configure:6866: result: yes
configure:6884: checking for dlfcn.h
configure:6905: /usr/bin/cc -c   conftest.c >&5
configure:6912: $? = 0
configure:6929: result: yes
configure:7115: checking for objdir
configure:7130: result: .libs
configure:7422: checking if /usr/bin/cc supports -fno-rtti -fno-exceptions
configure:7459: /usr/bin/cc -c   -fno-rtti -fno-exceptions conftest.c >&5
cc1: warning: command line option '-fno-rtti' is valid for C++/D/ObjC++ but not for C
configure:7463: $? = 0
configure:7457: result: no
configure:7477: checking for /usr/bin/cc option to produce PIC
configure:7749: result: -fPIC -DPIC
configure:7761: checking if /usr/bin/cc PIC flag -fPIC -DPIC works
configure:7798: /usr/bin/cc -c   -fPIC -DPIC -DPIC conftest.c >&5
configure:7802: $? = 0
configure:7796: result: yes
configure:7820: checking if /usr/bin/cc static flag -static works
configure:7848: result: yes
configure:7863: checking if /usr/bin/cc supports -c -o file.o
configure:7903: /usr/bin/cc -c   -o out/conftest2.o conftest.c >&5
configure:7907: $? = 0
configure:7910: result: yes
configure:7918: checking if /usr/bin/cc supports -c -o file.o
configure:7965: result: yes
configure:7998: checking whether the /usr/bin/cc linker (/usr/bin/ld -m elf_x86_64) supports shared libraries
configure:9072: result: yes
configure:9109: checking whether -lc should be explicitly linked in
configure:9114: /usr/bin/cc -c   conftest.c >&5
configure:9117: $? = 0
configure:9132: /usr/bin/cc -shared conftest.o  -v -Wl,-soname -Wl,conftest -o conftest 2\>\&1 \| /usr/bin/grep  -lc  \>/dev/null 2\>\&1
configure:9135: $? = 0
configure:9147: result: no
configure:9311: checking dynamic linker characteristics
configure:9754: /usr/bin/cc -o conftest    -Wl,-rpath -Wl,/foo conftest.c  >&5
configure:9761: $? = 0
configure:9994: result: GNU/Linux ld.so
configure:10096: checking how to hardcode library paths into programs
configure:10121: result: immediate
configure:10954: checking whether stripping libraries is possible
configure:10959: result: yes
configure:10994: checking if libtool supports shared libraries
configure:10996: result: yes
configure:10999: checking whether to build shared libraries
configure:11020: result: yes
configure:11023: checking whether to build static libraries
configure:11027: result: yes
configure:7916: checking for main in -lgmp
configure:7945: /usr/bin/cc -o conftest    conftest.c -lgmp   >&5
/usr/bin/ld: cannot find -lgmp
collect2: error: ld returned 1 exit status
configure:7952: $? = 1
configure: failed program was:
| /* confdefs.h.  */
| #define PACKAGE_NAME ""
| #define PACKAGE_TARNAME ""
| #define PACKAGE_VERSION ""
| #define PACKAGE_STRING ""
| #define PACKAGE_BUGREPORT ""
| #define PACKAGE "cddlib"
| #define VERSION "0.94"
| #define STDC_HEADERS 1
| #define HAVE_SYS_TYPES_H 1
| #define HAVE_SYS_STAT_H 1
| #define HAVE_STDLIB_H 1
| #define HAVE_STRING_H 1
| #define HAVE_MEMORY_H 1
| #define HAVE_STRINGS_H 1
| #define HAVE_INTTYPES_H 1
| #define HAVE_STDINT_H 1
| #define HAVE_UNISTD_H 1
| #define HAVE_DLFCN_H 1
| #define LT_OBJDIR ".libs/"
| /* end confdefs.h.  */
| 
| 
| int
| main ()
| {
| return main ();
|   ;
|   return 0;
| }
configure:7973: result: no
configure:7985: checking for ANSI C header files
configure:8153: result: yes
configure:8164: checking for an ANSI C-conforming const
configure:8239: /usr/bin/cc -c   conftest.c >&5
configure:8246: $? = 0
configure:8261: result: yes
configure:8419: creating ./config.status

## ---------------------- ##
## Running config.status. ##
## ---------------------- ##

This file was extended by config.status, which was
generated by GNU Autoconf 2.63.  Invocation command line was

  CONFIG_FILES    = 
  CONFIG_HEADERS  = 
  CONFIG_LINKS    = 
  CONFIG_COMMANDS = 
  $ ./config.status 

on randywang

config.status:901: creating lib-src/Makefile
config.status:901: creating src/Makefile
config.status:901: creating lib-src-gmp/Makefile
config.status:901: creating src-gmp/Makefile
config.status:901: creating Makefile
config.status:1112: executing depfiles commands
config.status:1112: executing libtool commands

## ---------------- ##
## Cache variables. ##
## ---------------- ##

ac_cv_build=x86_64-unknown-linux-gnu
ac_cv_c_compiler_gnu=yes
ac_cv_c_const=yes
ac_cv_env_CC_set=set
ac_cv_env_CC_value=/usr/bin/cc
ac_cv_env_CFLAGS_set=set
ac_cv_env_CFLAGS_value=
ac_cv_env_CPPFLAGS_set=
ac_cv_env_CPPFLAGS_value=
ac_cv_env_CPP_set=
ac_cv_env_CPP_value=
ac_cv_env_LDFLAGS_set=set
ac_cv_env_LDFLAGS_value=
ac_cv_env_LIBS_set=
ac_cv_env_LIBS_value=
ac_cv_env_build_alias_set=
ac_cv_env_build_alias_value=
ac_cv_env_host_alias_set=
ac_cv_env_host_alias_value=
ac_cv_env_target_alias_set=
ac_cv_env_target_alias_value=
ac_cv_header_dlfcn_h=yes
ac_cv_header_inttypes_h=yes
ac_cv_header_memory_h=yes
ac_cv_header_stdc=yes
ac_cv_header_stdint_h=yes
ac_cv_header_stdlib_h=yes
ac_cv_header_string_h=yes
ac_cv_header_strings_h=yes
ac_cv_header_sys_stat_h=yes
ac_cv_header_sys_types_h=yes
ac_cv_header_unistd_h=yes
ac_cv_host=x86_64-unknown-linux-gnu
ac_cv_lib_gmp_main=no
ac_cv_objext=o
ac_cv_path_EGREP='/usr/bin/grep -E'
ac_cv_path_FGREP='/usr/bin/grep -F'
ac_cv_path_GREP=/usr/bin/grep
ac_cv_path_SED=/usr/bin/sed
ac_cv_path_install='/usr/bin/install -c'
ac_cv_path_mkdir=/usr/bin/mkdir
ac_cv_prog_AWK=mawk
ac_cv_prog_CPP='/usr/bin/cc -E'
ac_cv_prog_ac_ct_AR=ar
ac_cv_prog_ac_ct_CC=/usr/bin/cc
ac_cv_prog_ac_ct_OBJDUMP=objdump
ac_cv_prog_ac_ct_RANLIB=ranlib
ac_cv_prog_ac_ct_STRIP=strip
ac_cv_prog_cc_c89=
ac_cv_prog_cc_g=yes
ac_cv_prog_make_make_set=yes
am_cv_CC_dependencies_compiler_type=gcc3
lt_cv_deplibs_check_method=pass_all
lt_cv_file_magic_cmd='$MAGIC_CMD'
lt_cv_file_magic_test_file=
lt_cv_ld_reload_flag=-r
lt_cv_nm_interface='BSD nm'
lt_cv_objdir=.libs
lt_cv_path_LD=/usr/bin/ld
lt_cv_path_NM='/usr/bin/nm -B'
lt_cv_prog_compiler_c_o=yes
lt_cv_prog_compiler_pic_works=yes
lt_cv_prog_compiler_rtti_exceptions=no
lt_cv_prog_compiler_static_works=yes
lt_cv_prog_gnu_ld=yes
lt_cv_sys_global_symbol_pipe='sed -n -e '\''s/^.*[	 ]\([ABCDGIRSTW][ABCDGIRSTW]*\)[	 ][	 ]*\([_A-Za-z][_A-Za-z0-9]*\)$/\1 \2 \2/p'\'''
lt_cv_sys_global_symbol_to_c_name_address='sed -n -e '\''s/^: \([^ ]*\) $/  {\"\1\", (void *) 0},/p'\'' -e '\''s/^[ABCDGIRSTW]* \([^ ]*\) \([^ ]*\)$/  {"\2", (void *) \&\2},/p'\'''
lt_cv_sys_global_symbol_to_c_name_address_lib_prefix='sed -n -e '\''s/^: \([^ ]*\) $/  {\"\1\", (void *) 0},/p'\'' -e '\''s/^[ABCDGIRSTW]* \([^ ]*\) \(lib[^ ]*\)$/  {"\2", (void *) \&\2},/p'\'' -e '\''s/^[ABCDGIRSTW]* \([^ ]*\) \([^ ]*\)$/  {"lib\2", (void *) \&\2},/p'\'''
lt_cv_sys_global_symbol_to_cdecl='sed -n -e '\''s/^T .* \(.*\)$/extern int \1();/p'\'' -e '\''s/^[ABCDGIRSTW]* .* \(.*\)$/extern char \1;/p'\'''
lt_cv_sys_max_cmd_len=1572864

## ----------------- ##
## Output variables. ##
## ----------------- ##

ACLOCAL='${SHELL} /home/randywang/pathplanning/distributedplanning/iris-distro-master/build/cdd-src/missing --run aclocal-1.10'
AMDEPBACKSLASH='\'
AMDEP_FALSE='#'
AMDEP_TRUE=''
AMTAR='${SHELL} /home/randywang/pathplanning/distributedplanning/iris-distro-master/build/cdd-src/missing --run tar'
AR='ar'
AUTOCONF='${SHELL} /home/randywang/pathplanning/distributedplanning/iris-distro-master/build/cdd-src/missing --run autoconf'
AUTOHEADER='${SHELL} /home/randywang/pathplanning/distributedplanning/iris-distro-master/build/cdd-src/missing --run autoheader'
AUTOMAKE='${SHELL} /home/randywang/pathplanning/distributedplanning/iris-distro-master/build/cdd-src/missing --run automake-1.10'
AWK='mawk'
CC='/usr/bin/cc'
CCDEPMODE='depmode=gcc3'
CFLAGS=''
CPP='/usr/bin/cc -E'
CPPFLAGS=''
CYGPATH_W='echo'
DEFS='-DPACKAGE_NAME=\"\" -DPACKAGE_TARNAME=\"\" -DPACKAGE_VERSION=\"\" -DPACKAGE_STRING=\"\" -DPACKAGE_BUGREPORT=\"\" -DPACKAGE=\"cddlib\" -DVERSION=\"0.94\" -DSTDC_HEADERS=1 -DHAVE_SYS_TYPES_H=1 -DHAVE_SYS_STAT_H=1 -DHAVE_STDLIB_H=1 -DHAVE_STRING_H=1 -DHAVE_MEMORY_H=1 -DHAVE_STRINGS_H=1 -DHAVE_INTTYPES_H=1 -DHAVE_STDINT_H=1 -DHAVE_UNISTD_H=1 -DHAVE_DLFCN_H=1 -DLT_OBJDIR=\".libs/\" -DSTDC_HEADERS=1'
DEPDIR='.deps'
DSYMUTIL=''
DUMPBIN=''
ECHO_C=''
ECHO_N='-n'
ECHO_T=''
EGREP='/usr/bin/grep -E'
EXEEXT=''
FGREP='/usr/bin/grep -F'
GREP='/usr/bin/grep'
INSTALL_DATA='${INSTALL} -m 644'
INSTALL_PROGRAM='${INSTALL}'
INSTALL_SCRIPT='${INSTALL}'
INSTALL_STRIP_PROGRAM='$(install_sh) -c -s'
LD='/usr/bin/ld -m elf_x86_64'
LDFLAGS=''
LIBOBJS=''
LIBS=''
LIBTOOL='$(SHELL) $(top_builddir)/libtool'
LIPO=''
LN_S='ln -s'
LTLIBOBJS=''
MAKEINFO='${SHELL} /home/randywang/pathplanning/distributedplanning/iris-distro-master/build/cdd-src/missing --run makeinfo'
MKDIR_P='/usr/bin/mkdir -p'
NM='/usr/bin/nm -B'
NMEDIT=''
OBJDUMP='objdump'
OBJEXT='o'
OTOOL64=''
OTOOL=''
PACKAGE='cddlib'
PACKAGE_BUGREPORT=''
PACKAGE_NAME=''
PACKAGE_STRING=''
PACKAGE_TARNAME=''
PACKAGE_VERSION=''
PATH_SEPARATOR=':'
RANLIB='ranlib'
SED='/usr/bin/sed'
SET_MAKE=''
SHELL='/bin/bash'
STRIP='strip'
VERSION='0.94'
ac_ct_CC='/usr/bin/cc'
ac_ct_DUMPBIN=''
am__fastdepCC_FALSE='#'
am__fastdepCC_TRUE=''
am__include='include'
am__isrc=''
am__leading_dot='.'
am__quote=''
am__tar='${AMTAR} chof - "$$tardir"'
am__untar='${AMTAR} xf -'
bindir='${exec_prefix}/bin'
build='x86_64-unknown-linux-gnu'
build_alias=''
build_cpu='x86_64'
build_os='linux-gnu'
build_vendor='unknown'
datadir='${datarootdir}'
datarootdir='${prefix}/share'
docdir='${datarootdir}/doc/${PACKAGE}'
dvidir='${docdir}'
exec_prefix='${prefix}'
host='x86_64-unknown-linux-gnu'
host_alias=''
host_cpu='x86_64'
host_os='linux-gnu'
host_vendor='unknown'
htmldir='${docdir}'
includedir='${prefix}/include'
infodir='${datarootdir}/info'
install_sh='$(SHELL) /home/randywang/pathplanning/distributedplanning/iris-distro-master/build/cdd-src/install-sh'
libdir='${exec_prefix}/lib'
libexecdir='${exec_prefix}/libexec'
localedir='${datarootdir}/locale'
localstatedir='${prefix}/var'
lt_ECHO='echo'
mandir='${datarootdir}/man'
mkdir_p='/usr/bin/mkdir -p'
oldincludedir='/usr/include'
pdfdir='${docdir}'
prefix='/home/randywang/pathplanning/distributedplanning/iris-distro-master/build/install'
program_transform_name='s,x,x,'
psdir='${docdir}'
sbindir='${exec_prefix}/sbin'
sharedstatedir='${prefix}/com'
sysconfdir='${prefix}/etc'
target_alias=''

## ----------- ##
## confdefs.h. ##
## ----------- ##

#define PACKAGE_NAME ""
#define PACKAGE_TARNAME ""
#define PACKAGE_VERSION ""
#define PACKAGE_STRING ""
#define PACKAGE_BUGREPORT ""
#define PACKAGE "cddlib"
#define VERSION "0.94"
#define STDC_HEADERS 1
#define HAVE_SYS_TYPES_H 1
#define HAVE_SYS_STAT_H 1
#define HAVE_STDLIB_H 1
#define HAVE_STRING_H 1
#define HAVE_MEMORY_H 1
#define HAVE_STRINGS_H 1
#define HAVE_INTTYPES_H 1
#define HAVE_STDINT_H 1
#define HAVE_UNISTD_H 1
#define HAVE_DLFCN_H 1
#define LT_OBJDIR ".libs/"
#define STDC_HEADERS 1

configure: exit 0
